[ 2017-03-30T09:30:08+08:00 ] 127.0.0.1 http://www.mytpcms.com/index.php/Mobile/index/image_list
INFO: [ app_init ] --START--
INFO: Run Behavior\BuildLiteBehavior [ RunTime:0.000000s ]
INFO: [ app_init ] --END-- [ RunTime:0.000000s ]
INFO: [ app_begin ] --START--
INFO: Run Behavior\ReadHtmlCacheBehavior [ RunTime:0.000000s ]
INFO: [ app_begin ] --END-- [ RunTime:0.015600s ]
INFO: [ view_parse ] --START--
INFO: [ template_filter ] --START--
INFO: Run Behavior\ContentReplaceBehavior [ RunTime:0.033201s ]
INFO: [ template_filter ] --END-- [ RunTime:0.033201s ]
NOTIC: [2] file_get_contents():  D:\WWW\MyCMS\Application\Runtime\Cache\Mobile\311a9a2b0ca642b65c3ae5142955288f.php 第 64 行.
NOTIC: [2] file_get_contents(http://image.yimayholiday.com):  D:\WWW\MyCMS\Application\Runtime\Cache\Mobile\311a9a2b0ca642b65c3ae5142955288f.php 第 64 行.
INFO: Run Behavior\ParseTemplateBehavior [ RunTime:0.429404s ]
INFO: [ view_parse ] --END-- [ RunTime:0.429404s ]
INFO: [ view_filter ] --START--
INFO: Run Behavior\WriteHtmlCacheBehavior [ RunTime:0.000000s ]
INFO: [ view_filter ] --END-- [ RunTime:0.000000s ]
INFO: [ app_end ] --START--
INFO: Run Behavior\ShowPageTraceBehavior [ RunTime:0.000000s ]
INFO: [ app_end ] --END-- [ RunTime:0.015600s ]

