[ 2017-03-20T14:26:31+08:00 ] 127.0.0.1 http://www.mytpcms.com/index.php/View/Static/css/public.css
INFO: [ app_init ] --START--
INFO: Run Behavior\BuildLiteBehavior [ RunTime:0.000000s ]
INFO: [ app_init ] --END-- [ RunTime:0.000000s ]
ERR: 无法加载模块:View

[ 2017-03-20T21:09:24+08:00 ] 127.0.0.1 http://www.mytpcms.com/index.php?m=Mobile/web_test
INFO: [ app_init ] --START--
INFO: Run Behavior\BuildLiteBehavior [ RunTime:0.000000s ]
INFO: [ app_init ] --END-- [ RunTime:0.015600s ]
ERR: 无法加载模块:Mobile/web_test

[ 2017-03-20T21:10:01+08:00 ] 127.0.0.1 http://www.mytpcms.com/index.php?m=Mobile/web_test
INFO: [ app_init ] --START--
INFO: Run Behavior\BuildLiteBehavior [ RunTime:0.000000s ]
INFO: [ app_init ] --END-- [ RunTime:0.000000s ]
ERR: 无法加载模块:Mobile/web_test

[ 2017-03-20T21:10:14+08:00 ] 127.0.0.1 http://www.mytpcms.com/index.php?m=Mobile/web_test
INFO: [ app_init ] --START--
INFO: Run Behavior\BuildLiteBehavior [ RunTime:0.000000s ]
INFO: [ app_init ] --END-- [ RunTime:0.000000s ]
ERR: 无法加载模块:Mobile/web_test

[ 2017-03-20T21:10:18+08:00 ] 127.0.0.1 http://www.mytpcms.com/index.php?m=Mobile/web_test
INFO: [ app_init ] --START--
INFO: Run Behavior\BuildLiteBehavior [ RunTime:0.000000s ]
INFO: [ app_init ] --END-- [ RunTime:0.002000s ]
ERR: 无法加载模块:Mobile/web_test

